warning: Alerta waring !!!!!!
fatal: Alerta!!!!!!
error: Alerta!!!!!!
warning: Generando Alerta waring !!!!!!
fatal: Generando Alerta fatal !!!!!!
error: Generando Alerta error !!!!!!
warning: Generando Alerta waring !!!!!!
fatal: Generando Alerta fatal !!!!!!
error: Generando Alerta error !!!!!!
warning: Generando Alerta waring !!!!!!
fatal: Generando Alerta fatal !!!!!!
error: Generando Alerta error !!!!!!
warning: el producto no existe en el carrito
warning: el producto no existe en el carrito
warning: el producto no existe en el carrito
warning: el producto no existe en el carrito
warning: Se elimino todo un producto del carrito
warning: Se elimino todo un producto del carrito
warning: Generando Alerta waring !!!!!!
fatal: Generando Alerta fatal !!!!!!
error: Generando Alerta error !!!!!!
warning: Generando Alerta waring !!!!!!
fatal: Generando Alerta fatal !!!!!!
error: Generando Alerta error !!!!!!
warning: Generando Alerta waring !!!!!!
fatal: Generando Alerta fatal !!!!!!
error: Generando Alerta error !!!!!!
warning: Generando Alerta waring !!!!!!
fatal: Generando Alerta fatal !!!!!!
error: Generando Alerta error !!!!!!
warning: Generando Alerta waring !!!!!!
fatal: Generando Alerta fatal !!!!!!
error: Generando Alerta error !!!!!!
warning: Generando Alerta waring !!!!!!
fatal: Generando Alerta fatal !!!!!!
error: Generando Alerta error !!!!!!
